


ARM Macro Assembler    Page 1 


    1 00000000                 AREA             MYCODE, CODE, READONLY
    2 00000000         
    3 00000000                 ENTRY
    4 00000000         
    5 00000000 E3A0000F        MOV              r0, #15
    6 00000004 E3A01005        MOV              r1, #5
    7 00000008 E3A02015        MOV              r2, #21
    8 0000000C         
    9 0000000C         ;swap registers if the first is higher than the second (
                       R3 temporary register)
   10 0000000C E1500001        CMP              r0, r1
   11 00000010 81A03000        MOVHI            R3, R0
   12 00000014 81A00001        MOVHI            R0, R1
   13 00000018 81A01003        MOVHI            R1, R3
   14 0000001C         
   15 0000001C E1500002        CMP              r0, r2
   16 00000020 81A03000        MOVHI            R3, R0
   17 00000024 81A00002        MOVHI            R0, R2
   18 00000028 81A02003        MOVHI            R2, R3
   19 0000002C         
   20 0000002C E1510002        CMP              r1, r2
   21 00000030 81A03001        MOVHI            R3, R1
   22 00000034 81A01002        MOVHI            R1, R2
   23 00000038 81A02003        MOVHI            R2, R3
   24 0000003C         
   25 0000003C         ;checking if R1 and R2 are multiple of R0 (multiple subt
                       ractions)
   26 0000003C         
   27 0000003C         loop1
   28 0000003C E0411000        SUB              R1,R1,R0
   29 00000040 E3510000        CMP              R1,#0
   30 00000044 A2844001        ADDGE            R4,R4,#1    ;Signed Greater or 
                                                            Equal because if th
                                                            e result is negativ
                                                            e it will be interp
                                                            reted as positive i
                                                            n unsigned notation
                                                            
   31 00000048 CAFFFFFB        BGT              loop1
   32 0000004C 13A04000        MOVNE            R4,#0       ;if result of divis
                                                            ion not zero, dont 
                                                            save
   33 00000050         
   34 00000050         loop2
   35 00000050 E0422000        SUB              R2,R2,R0
   36 00000054 E3520000        CMP              R2,#0
   37 00000058 A2855001        ADDGE            R5,R5,#1
   38 0000005C CAFFFFFB        BGT              loop2
   39 00000060 13A05000        MOVNE            R5,#0
   40 00000064         
   41 00000064                 END
Command Line: --debug --xref --apcs=interwork --depend=ex2.d -oex2.o -IC:\Keil\
ARM\INC -IC:\Keil\ARM\INC\Philips --predefine="__EVAL SETA 1" --list=ex2.lst ex
2.s



ARM Macro Assembler    Page 1 Alphabetic symbol ordering
Relocatable symbols

MYCODE 00000000

Symbol: MYCODE
   Definitions
      At line 1 in file ex2.s
   Uses
      None
Comment: MYCODE unused
loop1 0000003C

Symbol: loop1
   Definitions
      At line 27 in file ex2.s
   Uses
      At line 31 in file ex2.s
Comment: loop1 used once
loop2 00000050

Symbol: loop2
   Definitions
      At line 34 in file ex2.s
   Uses
      At line 38 in file ex2.s
Comment: loop2 used once
3 symbols
327 symbols in table
