


ARM Macro Assembler    Page 1 


    1 00000000                 AREA             MYCODE, CODE, READONLY
    2 00000000         
    3 00000000                 ENTRY
    4 00000000         
    5 00000000         ; initialization of registers r0-r7 (hexadecimal values)
                       
    6 00000000         
    7 00000000 E3A00001        MOV              R0, #1
    8 00000004 E3A01002        MOV              R1, #2
    9 00000008 E3A02003        MOV              R2, #3
   10 0000000C E3A03004        MOV              R3, #4
   11 00000010 E3A04005        MOV              R4, #5
   12 00000014 E3A05006        MOV              R5, #6
   13 00000018 E3A06007        MOV              R6, #7
   14 0000001C E3A07007        MOV              R7, #7
   15 00000020         
   16 00000020         ;compute means if different, product if equal
   17 00000020         
   18 00000020 E1500001        CMP              R0, R1
   19 00000024 10808001        ADDNE            R8, R0, R1
   20 00000028 11A080A8        LSRNE            R8, #1
   21 0000002C 00080190        MULEQ            R8, R0, R1
   22 00000030         
   23 00000030 E1520003        CMP              R2, R3
   24 00000034 10829003        ADDNE            R9, R2, R3
   25 00000038 11A090A9        LSRNE            R9, #1
   26 0000003C 00090392        MULEQ            R9, R2, R3
   27 00000040         
   28 00000040 E1540005        CMP              R4, R5
   29 00000044 1084A005        ADDNE            R10, R4, R5
   30 00000048 11A0A0AA        LSRNE            R10, #1
   31 0000004C 000A0594        MULEQ            R10, R4, R5
   32 00000050         
   33 00000050 E1560007        CMP              R6, R7
   34 00000054 1086B007        ADDNE            R11, R6, R7
   35 00000058 11A0B0AB        LSRNE            R11, #1
   36 0000005C 000B0796        MULEQ            R11, R6, R7
   37 00000060         
   38 00000060                 END
Command Line: --debug --xref --apcs=interwork --depend=ex1.d -oex1.o -IC:\Keil\
ARM\INC -IC:\Keil\ARM\INC\Philips --predefine="__EVAL SETA 1" --list=ex1.lst ex
1.s



ARM Macro Assembler    Page 1 Alphabetic symbol ordering
Relocatable symbols

MYCODE 00000000

Symbol: MYCODE
   Definitions
      At line 1 in file ex1.s
   Uses
      None
Comment: MYCODE unused
1 symbol
325 symbols in table
