


ARM Macro Assembler    Page 1 


    1 00000000         ;/******************************************************
                       ***********************/
    2 00000000         ;/* STARTUP.S: Startup file for Philips LPC2000         
                                             */
    3 00000000         ;/******************************************************
                       ***********************/
    4 00000000         ;/* <<< Use Configuration Wizard in Context Menu >>>    
                                             */ 
    5 00000000         ;/******************************************************
                       ***********************/
    6 00000000         ;/* This file is part of the uVision/ARM development too
                       ls.                   */
    7 00000000         ;/* Copyright (c) 2005-2007 Keil Software. All rights re
                       served.               */
    8 00000000         ;/* This software may only be used under the terms of a 
                       valid, current,       */
    9 00000000         ;/* end user licence from KEIL for a compatible version 
                       of KEIL software      */
   10 00000000         ;/* development tools. Nothing else gives you the right 
                       to use this software. */
   11 00000000         ;/******************************************************
                       ***********************/
   12 00000000         
   13 00000000         
   14 00000000         ; Standard definitions of Mode bits and Interrupt (I & F
                       ) flags in PSRs
   15 00000000         
   16 00000000 00000010 
                       Mode_USR
                               EQU              0x10
   17 00000000 00000011 
                       Mode_FIQ
                               EQU              0x11
   18 00000000 00000012 
                       Mode_IRQ
                               EQU              0x12
   19 00000000 00000013 
                       Mode_SVC
                               EQU              0x13
   20 00000000 00000017 
                       Mode_ABT
                               EQU              0x17
   21 00000000 0000001B 
                       Mode_UND
                               EQU              0x1B
   22 00000000 0000001F 
                       Mode_SYS
                               EQU              0x1F
   23 00000000         
   24 00000000 00000080 
                       I_Bit   EQU              0x80        ; when I bit is set
                                                            , IRQ is disabled
   25 00000000 00000040 
                       F_Bit   EQU              0x40        ; when F bit is set
                                                            , FIQ is disabled
   26 00000000         
   27 00000000         
   28 00000000         ;// <h> Stack Configuration (Stack Sizes in Bytes)
   29 00000000         ;//   <o0> Undefined Mode      <0x0-0xFFFFFFFF:8>



ARM Macro Assembler    Page 2 


   30 00000000         ;//   <o1> Supervisor Mode     <0x0-0xFFFFFFFF:8>
   31 00000000         ;//   <o2> Abort Mode          <0x0-0xFFFFFFFF:8>
   32 00000000         ;//   <o3> Fast Interrupt Mode <0x0-0xFFFFFFFF:8>
   33 00000000         ;//   <o4> Interrupt Mode      <0x0-0xFFFFFFFF:8>
   34 00000000         ;//   <o5> User/System Mode    <0x0-0xFFFFFFFF:8>
   35 00000000         ;// </h>
   36 00000000         
   37 00000000 00000080 
                       UND_Stack_Size
                               EQU              0x00000080
   38 00000000 00000080 
                       SVC_Stack_Size
                               EQU              0x00000080
   39 00000000 00000000 
                       ABT_Stack_Size
                               EQU              0x00000000
   40 00000000 00000000 
                       FIQ_Stack_Size
                               EQU              0x00000000
   41 00000000 00000080 
                       IRQ_Stack_Size
                               EQU              0x00000080
   42 00000000 00000400 
                       USR_Stack_Size
                               EQU              0x00000400
   43 00000000         
   45 00000000 00000180 
                       ISR_Stack_Size
                               EQU              (UND_Stack_Size + SVC_Stack_Siz
e + ABT_Stack_Size +                           FIQ_Stack_Size + IRQ_Stack_Size
)
   46 00000000         
   47 00000000                 AREA             STACK, NOINIT, READWRITE, ALIGN
=3
   48 00000000         
   49 00000000         Stack_Mem
                               SPACE            USR_Stack_Size
   50 00000400         __initial_sp
                               SPACE            ISR_Stack_Size
   51 00000580         
   52 00000580         Stack_Top
   53 00000580         
   54 00000580         
   55 00000580         ;// <h> Heap Configuration
   56 00000580         ;//   <o>  Heap Size (in Bytes) <0x0-0xFFFFFFFF>
   57 00000580         ;// </h>
   58 00000580         
   59 00000580 00000100 
                       Heap_Size
                               EQU              0x00000100
   60 00000580         
   61 00000580                 AREA             HEAP, NOINIT, READWRITE, ALIGN=
3
   62 00000000         
   63 00000000         Heap_Mem
                               SPACE            Heap_Size
   64 00000100         
   65 00000100         
   66 00000100         



ARM Macro Assembler    Page 3 


   67 00000100         
   68 00000100                 PRESERVE8
   69 00000100         
   70 00000100         
   71 00000100         ; Area Definition and Entry Point
   72 00000100         ;  Startup Code must be linked first at Address at which
                        it expects to run.
   73 00000100         
   74 00000100                 AREA             RESET, CODE, READONLY
   75 00000000                 ARM
   76 00000000         
   77 00000000         
   78 00000000         ; Exception vector table handles every type of exception
                       s.
   79 00000000         ;  It is mapped to Address 0.
   80 00000000         ;  Absolute addressing mode must be used.
   81 00000000         ;  Dummy Handlers are implemented as infinite loops whic
                       h can be modified.
   82 00000000         
   83 00000000         ;this vector table is fixed, implemented in hardware, ea
                       ch interrupt know how to jump in this table!
   84 00000000 E59FF018 
                       Vectors LDR              PC, Reset_Addr ; reset - first 
                                                            instruction execute
                                                            d!        
   85 00000004 E59FF018        LDR              PC, Undef_Addr ; undefined inst
                                                            ruction - load a no
                                                            n implemented instr
                                                            uction
   86 00000008 E59FF018        LDR              PC, SWI_Addr ; software interru
                                                            pt
   87 0000000C E59FF018        LDR              PC, PAbt_Addr ; prefetch abort 
                                                            - the programm coun
                                                            ter try to load an 
                                                            instruction in an i
                                                            nvalid memory locat
                                                            ion
   88 00000010 E59FF018        LDR              PC, DAbt_Addr ; data abort - tr
                                                            y to access a memor
                                                            y area for which we
                                                             don't have privile
                                                            ge or does not exis
                                                            t
   89 00000014 E1A00000        NOP                          ; reserved vector 
   90 00000018 E59FF018        LDR              PC, IRQ_Addr ; IRQ
   91 0000001C E59FF018        LDR              PC, FIQ_Addr ; FIQ
   92 00000020         
   93 00000020 00000000 
                       Reset_Addr
                               DCD              Reset_Handler
   94 00000024 00000000 
                       Undef_Addr
                               DCD              Undef_Handler
   95 00000028 00000000 
                       SWI_Addr
                               DCD              SWI_Handler
   96 0000002C 00000000 
                       PAbt_Addr
                               DCD              PAbt_Handler



ARM Macro Assembler    Page 4 


   97 00000030 00000000 
                       DAbt_Addr
                               DCD              DAbt_Handler
   98 00000034 00000000        DCD              0           ; Reserved Address 
                                                            
   99 00000038 00000000 
                       IRQ_Addr
                               DCD              IRQ_Handler
  100 0000003C 00000000 
                       FIQ_Addr
                               DCD              FIQ_Handler
  101 00000040         
  102 00000040 EAFFFFFE 
                       Undef_Handler
                               B                Undef_Handler
  103 00000044 EAFFFFFE 
                       PAbt_Handler
                               B                PAbt_Handler
  104 00000048 EAFFFFFE 
                       DAbt_Handler
                               B                DAbt_Handler
  105 0000004C EAFFFFFE 
                       IRQ_Handler
                               B                IRQ_Handler
  106 00000050 EAFFFFFE 
                       FIQ_Handler
                               B                FIQ_Handler
  107 00000054         
  108 00000054         ;SWI management
  109 00000054         SWI_Handler
  110 00000054 E92D5FFF        STMFD            sp!, {r0-r12, lr} 
                                                            ;push instruction
  111 00000058 E51E0004        LDR              r0, [lr, #-4] ; load into r0 th
                                                            e caller instructio
                                                            n (in this case SWI
                                                            )
  112 0000005C E3C014FF        BIC              r1, r0, #0xff000000 ;logical AN
                                                            D bitwise r0 and 0x
                                                            ff..!(negate) extra
                                                            polate from instruc
                                                            tion cose the "imme
                                                            diate" (last 24 bit
                                                            s)
  113 00000060         ; test the identification code of the interrupt
  114 00000060 E3510010        CMP              r1, #0x10   ;switch case with t
                                                            he identification t
                                                            o find correct SWI 
                                                            ISR
  115 00000064 1AFFFFFF        BNE              end_swi
  116 00000068         
  117 00000068         ; your action here 
  118 00000068         
  119 00000068 E8FD9FFF 
                       end_swi LDMFD            sp!, {r0-r12, pc}^ ;pop instruc
                                                            tion, continue the 
                                                            code after the call
                                                            ed SWI
  120 0000006C         
  121 0000006C         



ARM Macro Assembler    Page 5 


  122 0000006C         ; Reset Handler
  123 0000006C         Reset_Handler
  124 0000006C         
  125 0000006C         
  126 0000006C         ; Initialise Interrupt System
  127 0000006C         ;  ...
  128 0000006C         
  129 0000006C         
  130 0000006C         ; Setup Stack for each mode
  131 0000006C         
  132 0000006C E59F004C        LDR              R0, =Stack_Top ; !the code star
                                                            t here!
  133 00000070         
  134 00000070         ; Enter Undefined Instruction Mode and set its Stack Poi
                       nter
  135 00000070         ; MSR transfers the value of the immediate to the Progra
                       m Status Register (CPSR).
  136 00000070         ; CPSR indicates the state of the machine: it contains c
                       ondition code flags,
  137 00000070         ; interrupt enable flags, the current mode, and the curr
                       ent state.
  138 00000070         ; We change the mode by updating CPSR
  139 00000070         
  140 00000070 E321F0DB        MSR              CPSR_c, #Mode_UND:OR:I_Bit:OR:F
_Bit 
                                                            ;undefined instruct
                                                            ion mode
  141 00000074 E1A0D000        MOV              SP, R0
  142 00000078 E2400080        SUB              R0, R0, #UND_Stack_Size
  143 0000007C         
  144 0000007C         ;  Enter Abort Mode and set its Stack Pointer
  145 0000007C E321F0D7        MSR              CPSR_c, #Mode_ABT:OR:I_Bit:OR:F
_Bit
  146 00000080 E1A0D000        MOV              SP, R0
  147 00000084 E2400000        SUB              R0, R0, #ABT_Stack_Size
  148 00000088         
  149 00000088         ;  Enter FIQ Mode and set its Stack Pointer
  150 00000088 E321F0D1        MSR              CPSR_c, #Mode_FIQ:OR:I_Bit:OR:F
_Bit
  151 0000008C E1A0D000        MOV              SP, R0
  152 00000090 E2400000        SUB              R0, R0, #FIQ_Stack_Size
  153 00000094         
  154 00000094         ;  Enter IRQ Mode and set its Stack Pointer
  155 00000094 E321F0D2        MSR              CPSR_c, #Mode_IRQ:OR:I_Bit:OR:F
_Bit
  156 00000098 E1A0D000        MOV              SP, R0
  157 0000009C E2400080        SUB              R0, R0, #IRQ_Stack_Size
  158 000000A0         
  159 000000A0         ;  Enter Supervisor Mode and set its Stack Pointer
  160 000000A0 E321F0D3        MSR              CPSR_c, #Mode_SVC:OR:I_Bit:OR:F
_Bit
  161 000000A4 E1A0D000        MOV              SP, R0
  162 000000A8 E2400080        SUB              R0, R0, #SVC_Stack_Size
  163 000000AC         
  164 000000AC         ;  Enter User Mode and set its Stack Pointer
  165 000000AC E321F010        MSR              CPSR_c, #Mode_USR
  166 000000B0 E1A0D000        MOV              SP, R0
  167 000000B4 E24DAB01        SUB              SL, SP, #USR_Stack_Size
  168 000000B8         



ARM Macro Assembler    Page 6 


  169 000000B8         
  170 000000B8         
  171 000000B8         ; main program starts here.
  172 000000B8         ; The interrupt service routine with identification code
                        10h is called
  173 000000B8         
  174 000000B8 EF000010        SWI              #0x10
  175 000000BC         
  176 000000BC EAFFFFEA        B                Reset_Handler
  177 000000C0         
  178 000000C0         
  179 000000C0                 END
              00000000 
Command Line: --debug --xref --apcs=interwork --depend=LPC2292_asm_template.d -
oLPC2292_asm_template.o -IC:\Keil\ARM\INC -IC:\Keil\ARM\INC\Philips --predefine
="__EVAL SETA 1" --list=.\LPC2292_asm_template.lst board_template\LPC2292_asm_t
emplate.s



ARM Macro Assembler    Page 1 Alphabetic symbol ordering
Relocatable symbols

STACK 00000000

Symbol: STACK
   Definitions
      At line 47 in file board_template\LPC2292_asm_template.s
   Uses
      None
Comment: STACK unused
Stack_Mem 00000000

Symbol: Stack_Mem
   Definitions
      At line 49 in file board_template\LPC2292_asm_template.s
   Uses
      None
Comment: Stack_Mem unused
Stack_Top 00000580

Symbol: Stack_Top
   Definitions
      At line 52 in file board_template\LPC2292_asm_template.s
   Uses
      At line 132 in file board_template\LPC2292_asm_template.s
Comment: Stack_Top used once
__initial_sp 00000400

Symbol: __initial_sp
   Definitions
      At line 50 in file board_template\LPC2292_asm_template.s
   Uses
      None
Comment: __initial_sp unused
4 symbols



ARM Macro Assembler    Page 1 Alphabetic symbol ordering
Relocatable symbols

HEAP 00000000

Symbol: HEAP
   Definitions
      At line 61 in file board_template\LPC2292_asm_template.s
   Uses
      None
Comment: HEAP unused
Heap_Mem 00000000

Symbol: Heap_Mem
   Definitions
      At line 63 in file board_template\LPC2292_asm_template.s
   Uses
      None
Comment: Heap_Mem unused
2 symbols



ARM Macro Assembler    Page 1 Alphabetic symbol ordering
Relocatable symbols

DAbt_Addr 00000030

Symbol: DAbt_Addr
   Definitions
      At line 97 in file board_template\LPC2292_asm_template.s
   Uses
      At line 88 in file board_template\LPC2292_asm_template.s
Comment: DAbt_Addr used once
DAbt_Handler 00000048

Symbol: DAbt_Handler
   Definitions
      At line 104 in file board_template\LPC2292_asm_template.s
   Uses
      At line 97 in file board_template\LPC2292_asm_template.s
      At line 104 in file board_template\LPC2292_asm_template.s

FIQ_Addr 0000003C

Symbol: FIQ_Addr
   Definitions
      At line 100 in file board_template\LPC2292_asm_template.s
   Uses
      At line 91 in file board_template\LPC2292_asm_template.s
Comment: FIQ_Addr used once
FIQ_Handler 00000050

Symbol: FIQ_Handler
   Definitions
      At line 106 in file board_template\LPC2292_asm_template.s
   Uses
      At line 100 in file board_template\LPC2292_asm_template.s
      At line 106 in file board_template\LPC2292_asm_template.s

IRQ_Addr 00000038

Symbol: IRQ_Addr
   Definitions
      At line 99 in file board_template\LPC2292_asm_template.s
   Uses
      At line 90 in file board_template\LPC2292_asm_template.s
Comment: IRQ_Addr used once
IRQ_Handler 0000004C

Symbol: IRQ_Handler
   Definitions
      At line 105 in file board_template\LPC2292_asm_template.s
   Uses
      At line 99 in file board_template\LPC2292_asm_template.s
      At line 105 in file board_template\LPC2292_asm_template.s

PAbt_Addr 0000002C

Symbol: PAbt_Addr
   Definitions
      At line 96 in file board_template\LPC2292_asm_template.s
   Uses
      At line 87 in file board_template\LPC2292_asm_template.s
Comment: PAbt_Addr used once



ARM Macro Assembler    Page 2 Alphabetic symbol ordering
Relocatable symbols

PAbt_Handler 00000044

Symbol: PAbt_Handler
   Definitions
      At line 103 in file board_template\LPC2292_asm_template.s
   Uses
      At line 96 in file board_template\LPC2292_asm_template.s
      At line 103 in file board_template\LPC2292_asm_template.s

RESET 00000000

Symbol: RESET
   Definitions
      At line 74 in file board_template\LPC2292_asm_template.s
   Uses
      None
Comment: RESET unused
Reset_Addr 00000020

Symbol: Reset_Addr
   Definitions
      At line 93 in file board_template\LPC2292_asm_template.s
   Uses
      At line 84 in file board_template\LPC2292_asm_template.s
Comment: Reset_Addr used once
Reset_Handler 0000006C

Symbol: Reset_Handler
   Definitions
      At line 123 in file board_template\LPC2292_asm_template.s
   Uses
      At line 93 in file board_template\LPC2292_asm_template.s
      At line 176 in file board_template\LPC2292_asm_template.s

SWI_Addr 00000028

Symbol: SWI_Addr
   Definitions
      At line 95 in file board_template\LPC2292_asm_template.s
   Uses
      At line 86 in file board_template\LPC2292_asm_template.s
Comment: SWI_Addr used once
SWI_Handler 00000054

Symbol: SWI_Handler
   Definitions
      At line 109 in file board_template\LPC2292_asm_template.s
   Uses
      At line 95 in file board_template\LPC2292_asm_template.s
Comment: SWI_Handler used once
Undef_Addr 00000024

Symbol: Undef_Addr
   Definitions
      At line 94 in file board_template\LPC2292_asm_template.s
   Uses
      At line 85 in file board_template\LPC2292_asm_template.s
Comment: Undef_Addr used once
Undef_Handler 00000040



ARM Macro Assembler    Page 3 Alphabetic symbol ordering
Relocatable symbols


Symbol: Undef_Handler
   Definitions
      At line 102 in file board_template\LPC2292_asm_template.s
   Uses
      At line 94 in file board_template\LPC2292_asm_template.s
      At line 102 in file board_template\LPC2292_asm_template.s

Vectors 00000000

Symbol: Vectors
   Definitions
      At line 84 in file board_template\LPC2292_asm_template.s
   Uses
      None
Comment: Vectors unused
end_swi 00000068

Symbol: end_swi
   Definitions
      At line 119 in file board_template\LPC2292_asm_template.s
   Uses
      At line 115 in file board_template\LPC2292_asm_template.s
Comment: end_swi used once
17 symbols



ARM Macro Assembler    Page 1 Alphabetic symbol ordering
Absolute symbols

ABT_Stack_Size 00000000

Symbol: ABT_Stack_Size
   Definitions
      At line 39 in file board_template\LPC2292_asm_template.s
   Uses
      At line 45 in file board_template\LPC2292_asm_template.s
      At line 147 in file board_template\LPC2292_asm_template.s

FIQ_Stack_Size 00000000

Symbol: FIQ_Stack_Size
   Definitions
      At line 40 in file board_template\LPC2292_asm_template.s
   Uses
      At line 45 in file board_template\LPC2292_asm_template.s
      At line 152 in file board_template\LPC2292_asm_template.s

F_Bit 00000040

Symbol: F_Bit
   Definitions
      At line 25 in file board_template\LPC2292_asm_template.s
   Uses
      At line 140 in file board_template\LPC2292_asm_template.s
      At line 145 in file board_template\LPC2292_asm_template.s
      At line 150 in file board_template\LPC2292_asm_template.s
      At line 155 in file board_template\LPC2292_asm_template.s
      At line 160 in file board_template\LPC2292_asm_template.s

Heap_Size 00000100

Symbol: Heap_Size
   Definitions
      At line 59 in file board_template\LPC2292_asm_template.s
   Uses
      At line 63 in file board_template\LPC2292_asm_template.s
Comment: Heap_Size used once
IRQ_Stack_Size 00000080

Symbol: IRQ_Stack_Size
   Definitions
      At line 41 in file board_template\LPC2292_asm_template.s
   Uses
      At line 45 in file board_template\LPC2292_asm_template.s
      At line 157 in file board_template\LPC2292_asm_template.s

ISR_Stack_Size 00000180

Symbol: ISR_Stack_Size
   Definitions
      At line 45 in file board_template\LPC2292_asm_template.s
   Uses
      At line 50 in file board_template\LPC2292_asm_template.s
Comment: ISR_Stack_Size used once
I_Bit 00000080

Symbol: I_Bit
   Definitions



ARM Macro Assembler    Page 2 Alphabetic symbol ordering
Absolute symbols

      At line 24 in file board_template\LPC2292_asm_template.s
   Uses
      At line 140 in file board_template\LPC2292_asm_template.s
      At line 145 in file board_template\LPC2292_asm_template.s
      At line 150 in file board_template\LPC2292_asm_template.s
      At line 155 in file board_template\LPC2292_asm_template.s
      At line 160 in file board_template\LPC2292_asm_template.s

Mode_ABT 00000017

Symbol: Mode_ABT
   Definitions
      At line 20 in file board_template\LPC2292_asm_template.s
   Uses
      At line 145 in file board_template\LPC2292_asm_template.s
Comment: Mode_ABT used once
Mode_FIQ 00000011

Symbol: Mode_FIQ
   Definitions
      At line 17 in file board_template\LPC2292_asm_template.s
   Uses
      At line 150 in file board_template\LPC2292_asm_template.s
Comment: Mode_FIQ used once
Mode_IRQ 00000012

Symbol: Mode_IRQ
   Definitions
      At line 18 in file board_template\LPC2292_asm_template.s
   Uses
      At line 155 in file board_template\LPC2292_asm_template.s
Comment: Mode_IRQ used once
Mode_SVC 00000013

Symbol: Mode_SVC
   Definitions
      At line 19 in file board_template\LPC2292_asm_template.s
   Uses
      At line 160 in file board_template\LPC2292_asm_template.s
Comment: Mode_SVC used once
Mode_SYS 0000001F

Symbol: Mode_SYS
   Definitions
      At line 22 in file board_template\LPC2292_asm_template.s
   Uses
      None
Comment: Mode_SYS unused
Mode_UND 0000001B

Symbol: Mode_UND
   Definitions
      At line 21 in file board_template\LPC2292_asm_template.s
   Uses
      At line 140 in file board_template\LPC2292_asm_template.s
Comment: Mode_UND used once
Mode_USR 00000010

Symbol: Mode_USR



ARM Macro Assembler    Page 3 Alphabetic symbol ordering
Absolute symbols

   Definitions
      At line 16 in file board_template\LPC2292_asm_template.s
   Uses
      At line 165 in file board_template\LPC2292_asm_template.s
Comment: Mode_USR used once
SVC_Stack_Size 00000080

Symbol: SVC_Stack_Size
   Definitions
      At line 38 in file board_template\LPC2292_asm_template.s
   Uses
      At line 45 in file board_template\LPC2292_asm_template.s
      At line 162 in file board_template\LPC2292_asm_template.s

UND_Stack_Size 00000080

Symbol: UND_Stack_Size
   Definitions
      At line 37 in file board_template\LPC2292_asm_template.s
   Uses
      At line 45 in file board_template\LPC2292_asm_template.s
      At line 142 in file board_template\LPC2292_asm_template.s

USR_Stack_Size 00000400

Symbol: USR_Stack_Size
   Definitions
      At line 42 in file board_template\LPC2292_asm_template.s
   Uses
      At line 49 in file board_template\LPC2292_asm_template.s
      At line 167 in file board_template\LPC2292_asm_template.s

17 symbols
366 symbols in table
